\BOOKMARK [0][-]{chapter.1}{\376\377\0001\000\040\000H\000i\000e\000r\000a\000r\000c\000h\000i\000c\000a\000l\000\040\000I\000n\000d\000e\000x}{}% 1
\BOOKMARK [1][-]{section.1.1}{\376\377\0001\000.\0001\000\040\000C\000l\000a\000s\000s\000\040\000H\000i\000e\000r\000a\000r\000c\000h\000y}{chapter.1}% 2
\BOOKMARK [0][-]{chapter.2}{\376\377\0002\000\040\000C\000l\000a\000s\000s\000\040\000I\000n\000d\000e\000x}{}% 3
\BOOKMARK [1][-]{section.2.1}{\376\377\0002\000.\0001\000\040\000C\000l\000a\000s\000s\000\040\000L\000i\000s\000t}{chapter.2}% 4
\BOOKMARK [0][-]{chapter.3}{\376\377\0003\000\040\000F\000i\000l\000e\000\040\000I\000n\000d\000e\000x}{}% 5
\BOOKMARK [1][-]{section.3.1}{\376\377\0003\000.\0001\000\040\000F\000i\000l\000e\000\040\000L\000i\000s\000t}{chapter.3}% 6
\BOOKMARK [0][-]{chapter.4}{\376\377\0004\000\040\000C\000l\000a\000s\000s\000\040\000D\000o\000c\000u\000m\000e\000n\000t\000a\000t\000i\000o\000n}{}% 7
\BOOKMARK [1][-]{section.4.1}{\376\377\0004\000.\0001\000\040\000d\000m\000a\000\040\000M\000o\000d\000u\000l\000e\000\040\000R\000e\000f\000e\000r\000e\000n\000c\000e}{chapter.4}% 8
\BOOKMARK [2][-]{subsection.4.1.1}{\376\377\0004\000.\0001\000.\0001\000\040\000M\000e\000m\000b\000e\000r\000\040\000D\000a\000t\000a\000\040\000D\000o\000c\000u\000m\000e\000n\000t\000a\000t\000i\000o\000n}{section.4.1}% 9
\BOOKMARK [3][-]{subsubsection.4.1.1.1}{\376\377\0004\000.\0001\000.\0001\000.\0001\000\040\000c\000l\000k}{subsection.4.1.1}% 10
\BOOKMARK [3][-]{subsubsection.4.1.1.2}{\376\377\0004\000.\0001\000.\0001\000.\0002\000\040\000d\000m\000a\000\137\000t\000o\000\137\000c\000p\000u\000\137\000v\000a\000l\000i\000d}{subsection.4.1.1}% 11
\BOOKMARK [3][-]{subsubsection.4.1.1.3}{\376\377\0004\000.\0001\000.\0001\000.\0003\000\040\000d\000m\000a\000\137\000t\000o\000\137\000c\000p\000u\000\137\000e\000n\000a\000b\000l\000e}{subsection.4.1.1}% 12
\BOOKMARK [3][-]{subsubsection.4.1.1.4}{\376\377\0004\000.\0001\000.\0001\000.\0004\000\040\000m\000e\000m\000\137\000d\000a\000t\000a\000\137\000o\000u\000t}{subsection.4.1.1}% 13
\BOOKMARK [3][-]{subsubsection.4.1.1.5}{\376\377\0004\000.\0001\000.\0001\000.\0005\000\040\000c\000p\000u\000\137\000d\000a\000t\000a\000\137\000o\000u\000t}{subsection.4.1.1}% 14
\BOOKMARK [3][-]{subsubsection.4.1.1.6}{\376\377\0004\000.\0001\000.\0001\000.\0006\000\040\000m\000e\000m\000\137\000d\000a\000t\000a\000\137\000i\000n}{subsection.4.1.1}% 15
\BOOKMARK [3][-]{subsubsection.4.1.1.7}{\376\377\0004\000.\0001\000.\0001\000.\0007\000\040\000c\000p\000u\000\137\000d\000a\000t\000a\000\137\000i\000n}{subsection.4.1.1}% 16
\BOOKMARK [3][-]{subsubsection.4.1.1.8}{\376\377\0004\000.\0001\000.\0001\000.\0008\000\040\000b\000u\000f\000f\000e\000r\000\137\000v\000a\000l\000i\000d\000\137\000c\000p\000u\000\137\000t\000o\000\137\000m\000e\000m}{subsection.4.1.1}% 17
\BOOKMARK [3][-]{subsubsection.4.1.1.9}{\376\377\0004\000.\0001\000.\0001\000.\0009\000\040\000b\000u\000f\000f\000e\000r\000\137\000v\000a\000l\000i\000d\000\137\000m\000e\000m\000\137\000t\000o\000\137\000c\000p\000u}{subsection.4.1.1}% 18
\BOOKMARK [3][-]{subsubsection.4.1.1.10}{\376\377\0004\000.\0001\000.\0001\000.\0001\0000\000\040\000b\000u\000f\000f\000e\000r\000\137\000e\000m\000p\000t\000y\000\137\000c\000p\000u\000\137\000t\000o\000\137\000m\000e\000m}{subsection.4.1.1}% 19
\BOOKMARK [3][-]{subsubsection.4.1.1.11}{\376\377\0004\000.\0001\000.\0001\000.\0001\0001\000\040\000b\000u\000f\000f\000e\000r\000\137\000e\000m\000p\000t\000y\000\137\000m\000e\000m\000\137\000t\000o\000\137\000c\000p\000u}{subsection.4.1.1}% 20
\BOOKMARK [3][-]{subsubsection.4.1.1.12}{\376\377\0004\000.\0001\000.\0001\000.\0001\0002\000\040\000r\000s\000t}{subsection.4.1.1}% 21
\BOOKMARK [3][-]{subsubsection.4.1.1.13}{\376\377\0004\000.\0001\000.\0001\000.\0001\0003\000\040\000d\000i\000r}{subsection.4.1.1}% 22
\BOOKMARK [3][-]{subsubsection.4.1.1.14}{\376\377\0004\000.\0001\000.\0001\000.\0001\0004\000\040\000f\000l\000o\000a\000t\000\137\000d\000i\000r\000e\000c\000t\000i\000o\000n}{subsection.4.1.1}% 23
\BOOKMARK [3][-]{subsubsection.4.1.1.15}{\376\377\0004\000.\0001\000.\0001\000.\0001\0005\000\040\000m\000e\000m\000\137\000t\000o\000\137\000d\000m\000a\000\137\000v\000a\000l\000i\000d}{subsection.4.1.1}% 24
\BOOKMARK [3][-]{subsubsection.4.1.1.16}{\376\377\0004\000.\0001\000.\0001\000.\0001\0006\000\040\000m\000e\000m\000\137\000t\000o\000\137\000d\000m\000a\000\137\000e\000n\000a\000b\000l\000e}{subsection.4.1.1}% 25
\BOOKMARK [3][-]{subsubsection.4.1.1.17}{\376\377\0004\000.\0001\000.\0001\000.\0001\0007\000\040\000c\000p\000u\000\137\000t\000o\000\137\000d\000m\000a\000\137\000v\000a\000l\000i\000d}{subsection.4.1.1}% 26
\BOOKMARK [3][-]{subsubsection.4.1.1.18}{\376\377\0004\000.\0001\000.\0001\000.\0001\0008\000\040\000c\000p\000u\000\137\000t\000o\000\137\000d\000m\000a\000\137\000e\000n\000a\000b\000l\000e}{subsection.4.1.1}% 27
\BOOKMARK [3][-]{subsubsection.4.1.1.19}{\376\377\0004\000.\0001\000.\0001\000.\0001\0009\000\040\000d\000m\000a\000\137\000t\000o\000\137\000m\000e\000m\000\137\000v\000a\000l\000i\000d}{subsection.4.1.1}% 28
\BOOKMARK [3][-]{subsubsection.4.1.1.20}{\376\377\0004\000.\0001\000.\0001\000.\0002\0000\000\040\000d\000m\000a\000\137\000t\000o\000\137\000m\000e\000m\000\137\000e\000n\000a\000b\000l\000e}{subsection.4.1.1}% 29
\BOOKMARK [3][-]{subsubsection.4.1.1.21}{\376\377\0004\000.\0001\000.\0001\000.\0002\0001\000\040\000f\000i\000f\000o}{subsection.4.1.1}% 30
\BOOKMARK [1][-]{section.4.2}{\376\377\0004\000.\0002\000\040\000f\000i\000f\000o\000\040\000M\000o\000d\000u\000l\000e\000\040\000R\000e\000f\000e\000r\000e\000n\000c\000e}{chapter.4}% 31
\BOOKMARK [2][-]{subsection.4.2.1}{\376\377\0004\000.\0002\000.\0001\000\040\000D\000e\000t\000a\000i\000l\000e\000d\000\040\000D\000e\000s\000c\000r\000i\000p\000t\000i\000o\000n}{section.4.2}% 32
\BOOKMARK [2][-]{subsection.4.2.2}{\376\377\0004\000.\0002\000.\0002\000\040\000M\000e\000m\000b\000e\000r\000\040\000F\000u\000n\000c\000t\000i\000o\000n\000\040\000D\000o\000c\000u\000m\000e\000n\000t\000a\000t\000i\000o\000n}{section.4.2}% 33
\BOOKMARK [3][-]{subsubsection.4.2.2.1}{\376\377\0004\000.\0002\000.\0002\000.\0001\000\040\000A\000L\000W\000A\000Y\000S\000\137\0000\000\050\000\051}{subsection.4.2.2}% 34
\BOOKMARK [3][-]{subsubsection.4.2.2.2}{\376\377\0004\000.\0002\000.\0002\000.\0002\000\040\000A\000L\000W\000A\000Y\000S\000\137\0001\000\050\000\051}{subsection.4.2.2}% 35
\BOOKMARK [2][-]{subsection.4.2.3}{\376\377\0004\000.\0002\000.\0003\000\040\000M\000e\000m\000b\000e\000r\000\040\000D\000a\000t\000a\000\040\000D\000o\000c\000u\000m\000e\000n\000t\000a\000t\000i\000o\000n}{section.4.2}% 36
\BOOKMARK [3][-]{subsubsection.4.2.3.1}{\376\377\0004\000.\0002\000.\0003\000.\0001\000\040\000c\000l\000k}{subsection.4.2.3}% 37
\BOOKMARK [3][-]{subsubsection.4.2.3.2}{\376\377\0004\000.\0002\000.\0003\000.\0002\000\040\000r\000s\000t}{subsection.4.2.3}% 38
\BOOKMARK [3][-]{subsubsection.4.2.3.3}{\376\377\0004\000.\0002\000.\0003\000.\0003\000\040\000d\000i\000r}{subsection.4.2.3}% 39
\BOOKMARK [3][-]{subsubsection.4.2.3.4}{\376\377\0004\000.\0002\000.\0003\000.\0004\000\040\000n\000a\000r\000r\000o\000w\000\137\000p\000o\000r\000t\000\137\000i\000n}{subsection.4.2.3}% 40
\BOOKMARK [3][-]{subsubsection.4.2.3.5}{\376\377\0004\000.\0002\000.\0003\000.\0005\000\040\000w\000i\000d\000e\000\137\000p\000o\000r\000t\000\137\000i\000n}{subsection.4.2.3}% 41
\BOOKMARK [3][-]{subsubsection.4.2.3.6}{\376\377\0004\000.\0002\000.\0003\000.\0006\000\040\000n\000a\000r\000r\000o\000w\000\137\000p\000o\000r\000t\000\137\000o\000u\000t}{subsection.4.2.3}% 42
\BOOKMARK [3][-]{subsubsection.4.2.3.7}{\376\377\0004\000.\0002\000.\0003\000.\0007\000\040\000w\000i\000d\000e\000\137\000p\000o\000r\000t\000\137\000o\000u\000t}{subsection.4.2.3}% 43
\BOOKMARK [3][-]{subsubsection.4.2.3.8}{\376\377\0004\000.\0002\000.\0003\000.\0008\000\040\000i\000n\000p\000u\000t\000\137\000v\000a\000l\000i\000d}{subsection.4.2.3}% 44
\BOOKMARK [3][-]{subsubsection.4.2.3.9}{\376\377\0004\000.\0002\000.\0003\000.\0009\000\040\000\137\000e\000n\000a\000b\000l\000e}{subsection.4.2.3}% 45
\BOOKMARK [3][-]{subsubsection.4.2.3.10}{\376\377\0004\000.\0002\000.\0003\000.\0001\0000\000\040\000i\000n\000p\000u\000t\000\137\000e\000n\000a\000b\000l\000e}{subsection.4.2.3}% 46
\BOOKMARK [3][-]{subsubsection.4.2.3.11}{\376\377\0004\000.\0002\000.\0003\000.\0001\0001\000\040\000\137\000v\000a\000l\000i\000d}{subsection.4.2.3}% 47
\BOOKMARK [3][-]{subsubsection.4.2.3.12}{\376\377\0004\000.\0002\000.\0003\000.\0001\0002\000\040\000b\000u\000f\000f\000e\000r}{subsection.4.2.3}% 48
\BOOKMARK [3][-]{subsubsection.4.2.3.13}{\376\377\0004\000.\0002\000.\0003\000.\0001\0003\000\040\000w\000i\000d\000t\000h}{subsection.4.2.3}% 49
\BOOKMARK [3][-]{subsubsection.4.2.3.14}{\376\377\0004\000.\0002\000.\0003\000.\0001\0004\000\040\000n\000a\000r\000r\000o\000w\000\137\000b\000u\000f\000f\000e\000r}{subsection.4.2.3}% 50
\BOOKMARK [3][-]{subsubsection.4.2.3.15}{\376\377\0004\000.\0002\000.\0003\000.\0001\0005\000\040\000n\000a\000r\000r\000o\000w\000\137\000w\000i\000d\000t\000h}{subsection.4.2.3}% 51
\BOOKMARK [3][-]{subsubsection.4.2.3.16}{\376\377\0004\000.\0002\000.\0003\000.\0001\0006\000\040\000d\000i\000r\000e\000c\000t\000i\000o\000n}{subsection.4.2.3}% 52
\BOOKMARK [0][-]{chapter.5}{\376\377\0005\000\040\000F\000i\000l\000e\000\040\000D\000o\000c\000u\000m\000e\000n\000t\000a\000t\000i\000o\000n}{}% 53
\BOOKMARK [1][-]{section.5.1}{\376\377\0005\000.\0001\000\040\000F\000i\000n\000a\000l\000E\000l\000e\000c\000.\000s\000r\000c\000s\000/\000s\000o\000u\000r\000c\000e\000s\000\137\0001\000/\000n\000e\000w\000/\000d\000m\000a\000.\000v\000\040\000F\000i\000l\000e\000\040\000R\000e\000f\000e\000r\000e\000n\000c\000e}{chapter.5}% 54
\BOOKMARK [2][-]{subsection.5.1.1}{\376\377\0005\000.\0001\000.\0001\000\040\000V\000a\000r\000i\000a\000b\000l\000e\000\040\000D\000o\000c\000u\000m\000e\000n\000t\000a\000t\000i\000o\000n}{section.5.1}% 55
\BOOKMARK [3][-]{subsubsection.5.1.1.1}{\376\377\0005\000.\0001\000.\0001\000.\0001\000\040\000f\000i\000f\000o\000.\000v}{subsection.5.1.1}% 56
\BOOKMARK [1][-]{section.5.2}{\376\377\0005\000.\0002\000\040\000F\000i\000n\000a\000l\000E\000l\000e\000c\000.\000s\000r\000c\000s\000/\000s\000o\000u\000r\000c\000e\000s\000\137\0001\000/\000n\000e\000w\000/\000f\000i\000f\000o\000.\000v\000\040\000F\000i\000l\000e\000\040\000R\000e\000f\000e\000r\000e\000n\000c\000e}{chapter.5}% 57
\BOOKMARK [2][-]{subsection.5.2.1}{\376\377\0005\000.\0002\000.\0001\000\040\000D\000e\000t\000a\000i\000l\000e\000d\000\040\000D\000e\000s\000c\000r\000i\000p\000t\000i\000o\000n}{section.5.2}% 58
\BOOKMARK [0][-]{section*.6}{\376\377\000I\000n\000d\000e\000x}{}% 59
